2023/04/19 05:12:46 [emerg] 1#1: host not found in upstream "backend" in /etc/nginx/conf.d/backend.conf:44
2023/04/19 05:16:27 [notice] 1#1: using the "epoll" event method
2023/04/19 05:16:27 [notice] 1#1: nginx/1.23.4
2023/04/19 05:16:27 [notice] 1#1: built by gcc 12.2.1 20220924 (Alpine 12.2.1_git20220924-r4) 
2023/04/19 05:16:27 [notice] 1#1: OS: Linux 5.15.49-linuxkit
2023/04/19 05:16:27 [notice] 1#1: getrlimit(RLIMIT_NOFILE): 1048576:1048576
2023/04/19 05:16:27 [notice] 1#1: start worker processes
2023/04/19 05:16:27 [notice] 1#1: start worker process 7
2023/04/19 05:16:27 [notice] 1#1: start worker process 8
2023/04/19 05:16:27 [notice] 1#1: start worker process 9
2023/04/19 05:16:27 [notice] 1#1: start worker process 10
2023/04/19 05:17:41 [notice] 1#1: signal 3 (SIGQUIT) received, shutting down
2023/04/19 05:17:41 [notice] 7#7: gracefully shutting down
2023/04/19 05:17:41 [notice] 7#7: exiting
2023/04/19 05:17:41 [notice] 9#9: gracefully shutting down
2023/04/19 05:17:41 [notice] 9#9: exiting
2023/04/19 05:17:41 [notice] 10#10: gracefully shutting down
2023/04/19 05:17:41 [notice] 8#8: gracefully shutting down
2023/04/19 05:17:41 [notice] 7#7: exit
2023/04/19 05:17:41 [notice] 9#9: exit
2023/04/19 05:17:41 [notice] 10#10: exiting
2023/04/19 05:17:41 [notice] 8#8: exiting
2023/04/19 05:17:41 [notice] 10#10: exit
2023/04/19 05:17:41 [notice] 8#8: exit
2023/04/19 05:17:41 [notice] 1#1: signal 17 (SIGCHLD) received from 7
2023/04/19 05:17:41 [notice] 1#1: worker process 7 exited with code 0
2023/04/19 05:17:41 [notice] 1#1: worker process 9 exited with code 0
2023/04/19 05:17:41 [notice] 1#1: signal 17 (SIGCHLD) received from 8
2023/04/19 05:17:41 [notice] 1#1: worker process 8 exited with code 0
2023/04/19 05:17:41 [notice] 1#1: worker process 10 exited with code 0
2023/04/19 05:17:41 [notice] 1#1: signal 17 (SIGCHLD) received from 10
2023/04/19 05:17:41 [notice] 1#1: signal 29 (SIGIO) received
2023/04/19 05:17:41 [notice] 1#1: exit
2023/04/19 05:18:02 [notice] 1#1: using the "epoll" event method
2023/04/19 05:18:02 [notice] 1#1: nginx/1.23.4
2023/04/19 05:18:02 [notice] 1#1: built by gcc 12.2.1 20220924 (Alpine 12.2.1_git20220924-r4) 
2023/04/19 05:18:02 [notice] 1#1: OS: Linux 5.15.49-linuxkit
2023/04/19 05:18:02 [notice] 1#1: getrlimit(RLIMIT_NOFILE): 1048576:1048576
2023/04/19 05:18:02 [notice] 1#1: start worker processes
2023/04/19 05:18:02 [notice] 1#1: start worker process 6
2023/04/19 05:18:02 [notice] 1#1: start worker process 7
2023/04/19 05:18:02 [notice] 1#1: start worker process 8
2023/04/19 05:18:02 [notice] 1#1: start worker process 9
2023/04/19 05:20:49 [notice] 1#1: signal 3 (SIGQUIT) received, shutting down
2023/04/19 05:20:49 [notice] 6#6: gracefully shutting down
2023/04/19 05:20:49 [notice] 6#6: exiting
2023/04/19 05:20:49 [notice] 8#8: gracefully shutting down
2023/04/19 05:20:49 [notice] 8#8: exiting
2023/04/19 05:20:49 [notice] 9#9: gracefully shutting down
2023/04/19 05:20:49 [notice] 7#7: gracefully shutting down
2023/04/19 05:20:49 [notice] 6#6: exit
2023/04/19 05:20:49 [notice] 8#8: exit
2023/04/19 05:20:49 [notice] 9#9: exiting
2023/04/19 05:20:49 [notice] 7#7: exiting
2023/04/19 05:20:49 [notice] 9#9: exit
2023/04/19 05:20:49 [notice] 7#7: exit
2023/04/19 05:20:49 [notice] 1#1: signal 17 (SIGCHLD) received from 6
2023/04/19 05:20:49 [notice] 1#1: worker process 6 exited with code 0
2023/04/19 05:20:49 [notice] 1#1: worker process 8 exited with code 0
2023/04/19 05:20:49 [notice] 1#1: signal 29 (SIGIO) received
2023/04/19 05:20:49 [notice] 1#1: signal 17 (SIGCHLD) received from 7
2023/04/19 05:20:49 [notice] 1#1: worker process 7 exited with code 0
2023/04/19 05:20:49 [notice] 1#1: worker process 9 exited with code 0
2023/04/19 05:20:49 [notice] 1#1: exit
2023/04/19 05:21:10 [notice] 1#1: using the "epoll" event method
2023/04/19 05:21:10 [notice] 1#1: nginx/1.23.4
2023/04/19 05:21:10 [notice] 1#1: built by gcc 12.2.1 20220924 (Alpine 12.2.1_git20220924-r4) 
2023/04/19 05:21:10 [notice] 1#1: OS: Linux 5.15.49-linuxkit
2023/04/19 05:21:10 [notice] 1#1: getrlimit(RLIMIT_NOFILE): 1048576:1048576
2023/04/19 05:21:10 [notice] 1#1: start worker processes
2023/04/19 05:21:10 [notice] 1#1: start worker process 7
2023/04/19 05:21:10 [notice] 1#1: start worker process 8
2023/04/19 05:21:10 [notice] 1#1: start worker process 9
2023/04/19 05:21:10 [notice] 1#1: start worker process 10
2023/04/19 05:26:37 [notice] 1#1: signal 3 (SIGQUIT) received, shutting down
2023/04/19 05:26:37 [notice] 7#7: gracefully shutting down
2023/04/19 05:26:37 [notice] 8#8: gracefully shutting down
2023/04/19 05:26:37 [notice] 9#9: gracefully shutting down
2023/04/19 05:26:37 [notice] 9#9: exiting
2023/04/19 05:26:37 [notice] 10#10: gracefully shutting down
2023/04/19 05:26:37 [notice] 7#7: exiting
2023/04/19 05:26:37 [notice] 7#7: exit
2023/04/19 05:26:37 [notice] 8#8: exiting
2023/04/19 05:26:37 [notice] 9#9: exit
2023/04/19 05:26:37 [notice] 10#10: exiting
2023/04/19 05:26:37 [notice] 8#8: exit
2023/04/19 05:26:37 [notice] 10#10: exit
2023/04/19 05:26:37 [notice] 1#1: signal 17 (SIGCHLD) received from 9
2023/04/19 05:26:37 [notice] 1#1: worker process 7 exited with code 0
2023/04/19 05:26:37 [notice] 1#1: worker process 9 exited with code 0
2023/04/19 05:26:37 [notice] 1#1: signal 29 (SIGIO) received
2023/04/19 05:26:37 [notice] 1#1: signal 17 (SIGCHLD) received from 10
2023/04/19 05:26:37 [notice] 1#1: worker process 10 exited with code 0
2023/04/19 05:26:37 [notice] 1#1: signal 29 (SIGIO) received
2023/04/19 05:26:37 [notice] 1#1: signal 17 (SIGCHLD) received from 8
2023/04/19 05:26:37 [notice] 1#1: worker process 8 exited with code 0
2023/04/19 05:26:37 [notice] 1#1: exit
2023/04/19 05:28:28 [notice] 1#1: using the "epoll" event method
2023/04/19 05:28:28 [notice] 1#1: nginx/1.23.4
2023/04/19 05:28:28 [notice] 1#1: built by gcc 12.2.1 20220924 (Alpine 12.2.1_git20220924-r4) 
2023/04/19 05:28:28 [notice] 1#1: OS: Linux 5.15.49-linuxkit
2023/04/19 05:28:28 [notice] 1#1: getrlimit(RLIMIT_NOFILE): 1048576:1048576
2023/04/19 05:28:28 [notice] 1#1: start worker processes
2023/04/19 05:28:28 [notice] 1#1: start worker process 7
2023/04/19 05:28:28 [notice] 1#1: start worker process 8
2023/04/19 05:28:28 [notice] 1#1: start worker process 9
2023/04/19 05:28:28 [notice] 1#1: start worker process 10
